<?xml version="1.0" encoding="UTF-8"?>
<testsuite xmlns:xsi="http://www.w3.org/2001/XMLSchema-instance" xsi:noNamespaceSchemaLocation="https://maven.apache.org/surefire/maven-surefire-plugin/xsd/surefire-test-report.xsd" name="MyMoneyTest" time="0.284" tests="26" errors="0" skipped="0" failures="0">
  <properties>
[...]
</properties>
  <testcase name="checkInterestArrayAssretion" classname="MyMoneyTest" time="0.026"/>
  <testcase name="checkCashArray{double}[1]" classname="MyMoneyTest" time="0.035"/>
  <testcase name="checkCashArray{double}[2]" classname="MyMoneyTest" time="0.001"/>
  <testcase name="checkCashArray{double}[3]" classname="MyMoneyTest" time="0.001"/>
  <testcase name="checkCashArray{double}[4]" classname="MyMoneyTest" time="0.001"/>
  <testcase name="checkCashArray{double}[5]" classname="MyMoneyTest" time="0.001"/>
  <testcase name="checkCashArray{double}[6]" classname="MyMoneyTest" time="0.001"/>
  <testcase name="checkCashArray{double}[7]" classname="MyMoneyTest" time="0.001"/>
  <testcase name="checkCashArray{double}[8]" classname="MyMoneyTest" time="0.001"/>
  <testcase name="compoundSavings_sameContributionTest1" classname="MyMoneyTest" time="0.022"/>
  <testcase name="compoundSavings_sameContributionTest2" classname="MyMoneyTest" time="0.007"/>
  <testcase name="lumpSum_ConstantRateTest1" classname="MyMoneyTest" time="0.012"/>
  <testcase name="lumpSum_ConstantRateTest2" classname="MyMoneyTest" time="0.013"/>
  <testcase name="lumpSum_VariableRateTest1" classname="MyMoneyTest" time="0"/>
  <testcase name="lumpSum_VariableRateTest2" classname="MyMoneyTest" time="0"/>
  <testcase name="compoundSavings_variableContributionTest1" classname="MyMoneyTest" time="0.008"/>
  <testcase name="compoundSavings_variableContributionTest2" classname="MyMoneyTest" time="0.024"/>
  <testcase name="checkCashArrayAssretion" classname="MyMoneyTest" time="0"/>
  <testcase name="checkInterstArray{double}[1]" classname="MyMoneyTest" time="0"/>
  <testcase name="checkInterstArray{double}[2]" classname="MyMoneyTest" time="0"/>
  <testcase name="checkInterstArray{double}[3]" classname="MyMoneyTest" time="0"/>
  <testcase name="checkInterstArray{double}[4]" classname="MyMoneyTest" time="0"/>
  <testcase name="checkInterstArray{double}[5]" classname="MyMoneyTest" time="0"/>
  <testcase name="checkInterstArray{double}[6]" classname="MyMoneyTest" time="0"/>
  <testcase name="checkInterstArray{double}[7]" classname="MyMoneyTest" time="0"/>
  <testcase name="checkInterstArray{double}[8]" classname="MyMoneyTest" time="0"/>
</testsuite>