<?xml version="1.0" encoding="UTF-8"?>
<testsuite xmlns:xsi="http://www.w3.org/2001/XMLSchema-instance" xsi:noNamespaceSchemaLocation="https://maven.apache.org/surefire/maven-surefire-plugin/xsd/surefire-test-report.xsd" name="GSTest" time="0.006" tests="8" errors="0" skipped="0" failures="0">
  <properties>
[...]
</properties>
  <testcase name="constructorTest" classname="GSTest" time="0"/>
  <testcase name="listIteratorTest" classname="GSTest" time="0"/>
  <testcase name="testForEach" classname="GSTest" time="0.004"/>
  <testcase name="popTest" classname="GSTest" time="0"/>
  <testcase name="iteratorTest" classname="GSTest" time="0"/>
  <testcase name="pushTest" classname="GSTest" time="0"/>
  <testcase name="descendingIteratorTest" classname="GSTest" time="0"/>
  <testcase name="removeTailTest" classname="GSTest" time="0"/>
</testsuite>